0 info it worked if it ends with ok
1 verbose cli [ 'C:\\Program Files\\nodejs\\node.exe',
1 verbose cli   'C:\\Program Files\\nodejs\\node_modules\\npm\\bin\\npm-cli.js',
1 verbose cli   'run',
1 verbose cli   'dev' ]
2 info using npm@3.10.10
3 info using node@v6.10.3
4 verbose run-script [ 'predev', 'dev', 'postdev' ]
5 info lifecycle SalesTool@1.0.0~predev: SalesTool@1.0.0
6 silly lifecycle SalesTool@1.0.0~predev: no script for predev, continuing
7 info lifecycle SalesTool@1.0.0~dev: SalesTool@1.0.0
8 verbose lifecycle SalesTool@1.0.0~dev: unsafe-perm in lifecycle true
9 verbose lifecycle SalesTool@1.0.0~dev: PATH: C:\Program Files\nodejs\node_modules\npm\bin\node-gyp-bin;E:\WolfERP\ERP.UI\HXGM_WX\node_modules\.bin;%SystemRoot%\system32;%SystemRoot%;%SystemRoot%\System32\Wbem;%SYSTEMROOT%\System32\WindowsPowerShell\v1.0\;C:\Program Files\Git\cmd;C:\Program Files\TortoiseGit\bin;C:\Program Files\nodejs\;C:\Program Files (x86)\VisualSVN\bin;C:\Program Files\TortoiseSVN\bin;C:\Program Files (x86)\ATI Technologies\ATI.ACE\Core-Static;C:\windows\system32;C:\windows;C:\windows\System32\Wbem;C:\Users\Administrator\AppData\Roaming\npm
10 verbose lifecycle SalesTool@1.0.0~dev: CWD: E:\WolfERP\ERP.UI\HXGM_WX
11 silly lifecycle SalesTool@1.0.0~dev: Args: [ '/d /s /c',
11 silly lifecycle   'webpack-dev-server --progress --profile --colors --inline' ]
12 silly lifecycle SalesTool@1.0.0~dev: Returned: code: 3221225786  signal: null
13 info lifecycle SalesTool@1.0.0~dev: Failed to exec dev script
14 verbose stack Error: SalesTool@1.0.0 dev: `webpack-dev-server --progress --profile --colors --inline`
14 verbose stack Exit status 3221225786
14 verbose stack     at EventEmitter.<anonymous> (C:\Program Files\nodejs\node_modules\npm\lib\utils\lifecycle.js:255:16)
14 verbose stack     at emitTwo (events.js:106:13)
14 verbose stack     at EventEmitter.emit (events.js:191:7)
14 verbose stack     at ChildProcess.<anonymous> (C:\Program Files\nodejs\node_modules\npm\lib\utils\spawn.js:40:14)
14 verbose stack     at emitTwo (events.js:106:13)
14 verbose stack     at ChildProcess.emit (events.js:191:7)
14 verbose stack     at maybeClose (internal/child_process.js:886:16)
14 verbose stack     at Process.ChildProcess._handle.onexit (internal/child_process.js:226:5)
15 verbose pkgid SalesTool@1.0.0
16 verbose cwd E:\WolfERP\ERP.UI\HXGM_WX
17 error Windows_NT 6.1.7601
18 error argv "C:\\Program Files\\nodejs\\node.exe" "C:\\Program Files\\nodejs\\node_modules\\npm\\bin\\npm-cli.js" "run" "dev"
19 error node v6.10.3
20 error npm  v3.10.10
21 error code ELIFECYCLE
22 error SalesTool@1.0.0 dev: `webpack-dev-server --progress --profile --colors --inline`
22 error Exit status 3221225786
23 error Failed at the SalesTool@1.0.0 dev script 'webpack-dev-server --progress --profile --colors --inline'.
23 error Make sure you have the latest version of node.js and npm installed.
23 error If you do, this is most likely a problem with the SalesTool package,
23 error not with npm itself.
23 error Tell the author that this fails on your system:
23 error     webpack-dev-server --progress --profile --colors --inline
23 error You can get information on how to open an issue for this project with:
23 error     npm bugs SalesTool
23 error Or if that isn't available, you can get their info via:
23 error     npm owner ls SalesTool
23 error There is likely additional logging output above.
24 verbose exit [ 1, true ]
